M:\OPENGLCSE386\OPENGLCSE386\FERGUSM5LAB3\RELEASE\VC110.PDB
M:\OPENGLCSE386\OPENGLCSE386\FERGUSM5LAB3\RELEASE\FIGURETWO.OBJ
M:\OPENGLCSE386\OPENGLCSE386\FERGUSM5LAB3\RELEASE\FIGURETHREE.OBJ
M:\OPENGLCSE386\OPENGLCSE386\FERGUSM5LAB3\RELEASE\FIGURESIX.OBJ
M:\OPENGLCSE386\OPENGLCSE386\FERGUSM5LAB3\RELEASE\FIGURESEVEN.OBJ
M:\OPENGLCSE386\OPENGLCSE386\FERGUSM5LAB3\RELEASE\FIGUREONE.OBJ
M:\OPENGLCSE386\OPENGLCSE386\FERGUSM5LAB3\RELEASE\FIGUREFOUR.OBJ
M:\OPENGLCSE386\OPENGLCSE386\FERGUSM5LAB3\RELEASE\FIGUREFIVE.OBJ
M:\OPENGLCSE386\OPENGLCSE386\FERGUSM5LAB3\RELEASE\FERGUSM5LAB3.OBJ
M:\OPENGLCSE386\OPENGLCSE386\RELEASE\FERGUSM5LAB3.EXE
M:\OPENGLCSE386\OPENGLCSE386\RELEASE\FERGUSM5LAB3.PDB
M:\OpenGlCse386\OpenGlCse386\fergusm5Lab3\Release\cl.command.1.tlog
M:\OpenGlCse386\OpenGlCse386\fergusm5Lab3\Release\CL.read.1.tlog
M:\OpenGlCse386\OpenGlCse386\fergusm5Lab3\Release\CL.write.1.tlog
M:\OpenGlCse386\OpenGlCse386\fergusm5Lab3\Release\link-cvtres.read.1.tlog
M:\OpenGlCse386\OpenGlCse386\fergusm5Lab3\Release\link-cvtres.write.1.tlog
M:\OpenGlCse386\OpenGlCse386\fergusm5Lab3\Release\link-rc.read.1.tlog
M:\OpenGlCse386\OpenGlCse386\fergusm5Lab3\Release\link-rc.write.1.tlog
M:\OpenGlCse386\OpenGlCse386\fergusm5Lab3\Release\link.command.1.tlog
M:\OpenGlCse386\OpenGlCse386\fergusm5Lab3\Release\link.read.1.tlog
M:\OpenGlCse386\OpenGlCse386\fergusm5Lab3\Release\link.write.1.tlog
