M:\GAYFERGPROJECT2\OPENGLCSE386\OPENGLCSE386\DEBUG\ELEVATECONTROLLER.OBJ
M:\GAYFERGPROJECT2\OPENGLCSE386\OPENGLCSE386\DEBUG\FLOOR.OBJ
M:\GAYFERGPROJECT2\OPENGLCSE386\OPENGLCSE386\DEBUG\FLOOR2.OBJ
M:\GAYFERGPROJECT2\OPENGLCSE386\OPENGLCSE386\DEBUG\FRAMEWORK.OBJ
M:\GAYFERGPROJECT2\OPENGLCSE386\OPENGLCSE386\DEBUG\GLUTBASE.OBJ
M:\GAYFERGPROJECT2\OPENGLCSE386\OPENGLCSE386\DEBUG\LOADOAL.OBJ
M:\GAYFERGPROJECT2\OPENGLCSE386\OPENGLCSE386\DEBUG\MATERIAL.OBJ
M:\GAYFERGPROJECT2\OPENGLCSE386\OPENGLCSE386\DEBUG\OPENGLAPPLICATIONBASE.OBJ
M:\GAYFERGPROJECT2\OPENGLCSE386\OPENGLCSE386\DEBUG\ORBITCONTROLLER.OBJ
M:\GAYFERGPROJECT2\OPENGLCSE386\OPENGLCSE386\DEBUG\PYRAMID.OBJ
M:\GAYFERGPROJECT2\OPENGLCSE386\OPENGLCSE386\DEBUG\SHAREDGENERALLIGHTING.OBJ
M:\GAYFERGPROJECT2\OPENGLCSE386\OPENGLCSE386\DEBUG\SHAREDPROJECTIONANDVIEWING.OBJ
M:\GAYFERGPROJECT2\OPENGLCSE386\OPENGLCSE386\DEBUG\SOUNDSOURCE.OBJ
M:\GAYFERGPROJECT2\OPENGLCSE386\OPENGLCSE386\DEBUG\SPACESHIP.OBJ
M:\GAYFERGPROJECT2\OPENGLCSE386\OPENGLCSE386\DEBUG\SPHERE.OBJ
M:\GAYFERGPROJECT2\OPENGLCSE386\OPENGLCSE386\DEBUG\SPINNERCONTROLLER.OBJ
M:\GAYFERGPROJECT2\OPENGLCSE386\OPENGLCSE386\DEBUG\TEXTURECOORDINATES.OBJ
M:\GAYFERGPROJECT2\OPENGLCSE386\OPENGLCSE386\DEBUG\VISUALOBJECT.OBJ
M:\GAYFERGPROJECT2\OPENGLCSE386\OPENGLCSE386\DEBUG\WALL.OBJ
M:\GAYFERGPROJECT2\OPENGLCSE386\OPENGLCSE386\DEBUG\WAYPOINTCONTROLLER.OBJ
M:\GAYFERGPROJECT2\OPENGLCSE386\OPENGLCSE386\DEBUG\ALDLIST.OBJ
M:\GAYFERGPROJECT2\OPENGLCSE386\OPENGLCSE386\DEBUG\BITMAP_CLASS.OBJ
M:\GAYFERGPROJECT2\OPENGLCSE386\OPENGLCSE386\DEBUG\BUILDSHADERPROGRAM.OBJ
M:\GAYFERGPROJECT2\OPENGLCSE386\OPENGLCSE386\DEBUG\CONE.OBJ
M:\GAYFERGPROJECT2\OPENGLCSE386\OPENGLCSE386\DEBUG\CONTROLLER.OBJ
M:\GAYFERGPROJECT2\OPENGLCSE386\OPENGLCSE386\DEBUG\CUBE.OBJ
M:\GAYFERGPROJECT2\OPENGLCSE386\OPENGLCSE386\DEBUG\CWAVES.OBJ
M:\GAYFERGPROJECT2\OPENGLCSE386\OPENGLCSE386\DEBUG\CYLINDER.OBJ
M:\GAYFERGPROJECT2\OPENGLCSE386\OPENGLCSE386\DEBUG\VC110.PDB
M:\GAYFERGPROJECT2\OPENGLCSE386\DEBUG\OPENGLCSE386.LIB
M:\GayFergProject2\OpenGlCse386\OpenGlCse386\Debug\aldlist.obj
M:\GayFergProject2\OpenGlCse386\OpenGlCse386\Debug\bitmap_class.obj
M:\GayFergProject2\OpenGlCse386\OpenGlCse386\Debug\BuildShaderProgram.obj
M:\GayFergProject2\OpenGlCse386\OpenGlCse386\Debug\Cone.obj
M:\GayFergProject2\OpenGlCse386\OpenGlCse386\Debug\Controller.obj
M:\GayFergProject2\OpenGlCse386\OpenGlCse386\Debug\Cube.obj
M:\GayFergProject2\OpenGlCse386\OpenGlCse386\Debug\CWaves.obj
M:\GayFergProject2\OpenGlCse386\OpenGlCse386\Debug\Cylinder.obj
M:\GayFergProject2\OpenGlCse386\OpenGlCse386\Debug\ElevateController.obj
M:\GayFergProject2\OpenGlCse386\OpenGlCse386\Debug\Floor.obj
M:\GayFergProject2\OpenGlCse386\OpenGlCse386\Debug\Floor2.obj
M:\GayFergProject2\OpenGlCse386\OpenGlCse386\Debug\Framework.obj
M:\GayFergProject2\OpenGlCse386\OpenGlCse386\Debug\glutBase.obj
M:\GayFergProject2\OpenGlCse386\OpenGlCse386\Debug\LoadOAL.obj
M:\GayFergProject2\OpenGlCse386\OpenGlCse386\Debug\Material.obj
M:\GayFergProject2\OpenGlCse386\OpenGlCse386\Debug\OpenGLApplicationBase.obj
M:\GayFergProject2\OpenGlCse386\OpenGlCse386\Debug\OrbitController.obj
M:\GayFergProject2\OpenGlCse386\OpenGlCse386\Debug\Pyramid.obj
M:\GayFergProject2\OpenGlCse386\OpenGlCse386\Debug\SharedGeneralLighting.obj
M:\GayFergProject2\OpenGlCse386\OpenGlCse386\Debug\SharedProjectionAndViewing.obj
M:\GayFergProject2\OpenGlCse386\OpenGlCse386\Debug\SoundSource.obj
M:\GayFergProject2\OpenGlCse386\OpenGlCse386\Debug\SpaceShip.obj
M:\GayFergProject2\OpenGlCse386\OpenGlCse386\Debug\Sphere.obj
M:\GayFergProject2\OpenGlCse386\OpenGlCse386\Debug\SpinnerController.obj
M:\GayFergProject2\OpenGlCse386\OpenGlCse386\Debug\textureCoordinates.obj
M:\GayFergProject2\OpenGlCse386\OpenGlCse386\Debug\VisualObject.obj
M:\GayFergProject2\OpenGlCse386\OpenGlCse386\Debug\Wall.obj
M:\GayFergProject2\OpenGlCse386\OpenGlCse386\Debug\WaypointController.obj
M:\GayFergProject2\OpenGlCse386\OpenGlCse386\Debug\cl.command.1.tlog
M:\GayFergProject2\OpenGlCse386\OpenGlCse386\Debug\CL.read.1.tlog
M:\GayFergProject2\OpenGlCse386\OpenGlCse386\Debug\CL.write.1.tlog
M:\GayFergProject2\OpenGlCse386\OpenGlCse386\Debug\Lib-link.read.1.tlog
M:\GayFergProject2\OpenGlCse386\OpenGlCse386\Debug\Lib-link.write.1.tlog
M:\GayFergProject2\OpenGlCse386\OpenGlCse386\Debug\lib.command.1.tlog
M:\GayFergProject2\OpenGlCse386\OpenGlCse386\Debug\vc110.idb
M:\GayFergProject2\OpenGlCse386\OpenGlCse386\Debug\vc110.pdb
M:\GayFergProject2\OpenGlCse386\Debug\OpenGlCse386.lib
