M:\OPENGLCSE386\OPENGLCSE386\OPENGLCSE386\RELEASE\WAYPOINTCONTROLLER.OBJ
M:\OPENGLCSE386\OPENGLCSE386\OPENGLCSE386\RELEASE\VISUALOBJECT.OBJ
M:\OPENGLCSE386\OPENGLCSE386\OPENGLCSE386\RELEASE\SPINNERCONTROLLER.OBJ
M:\OPENGLCSE386\OPENGLCSE386\OPENGLCSE386\RELEASE\SHAREDPROJECTIONANDVIEWING.OBJ
M:\OPENGLCSE386\OPENGLCSE386\OPENGLCSE386\RELEASE\PYRAMID.OBJ
M:\OPENGLCSE386\OPENGLCSE386\OPENGLCSE386\RELEASE\ORBITCONTROLLER.OBJ
M:\OPENGLCSE386\OPENGLCSE386\OPENGLCSE386\RELEASE\OPENGLAPPLICATIONBASE.OBJ
M:\OPENGLCSE386\OPENGLCSE386\OPENGLCSE386\RELEASE\MATERIAL.OBJ
M:\OPENGLCSE386\OPENGLCSE386\OPENGLCSE386\RELEASE\GLUTBASE.OBJ
M:\OPENGLCSE386\OPENGLCSE386\OPENGLCSE386\RELEASE\FLOOR.OBJ
M:\OPENGLCSE386\OPENGLCSE386\OPENGLCSE386\RELEASE\CONTROLLER.OBJ
M:\OPENGLCSE386\OPENGLCSE386\OPENGLCSE386\RELEASE\BUILDSHADERPROGRAM.OBJ
M:\OPENGLCSE386\OPENGLCSE386\OPENGLCSE386\RELEASE\VC110.PDB
M:\OPENGLCSE386\OPENGLCSE386\OPENGLCSE386\RELEASE\ELEVATECONTROLLER.OBJ
M:\OPENGLCSE386\OPENGLCSE386\OPENGLCSE386\RELEASE\TEXTURECOORDINATES.OBJ
M:\OPENGLCSE386\OPENGLCSE386\OPENGLCSE386\RELEASE\SPHERE.OBJ
M:\OPENGLCSE386\OPENGLCSE386\OPENGLCSE386\RELEASE\FLOOR2.OBJ
M:\OPENGLCSE386\OPENGLCSE386\OPENGLCSE386\RELEASE\CYLINDER.OBJ
M:\OPENGLCSE386\OPENGLCSE386\OPENGLCSE386\RELEASE\CUBE.OBJ
M:\OPENGLCSE386\OPENGLCSE386\RELEASE\OPENGLCSE386.LIB
M:\OpenGlCse386\OpenGlCse386\OpenGlCse386\Release\BuildShaderProgram.obj
M:\OpenGlCse386\OpenGlCse386\OpenGlCse386\Release\Controller.obj
M:\OpenGlCse386\OpenGlCse386\OpenGlCse386\Release\Cube.obj
M:\OpenGlCse386\OpenGlCse386\OpenGlCse386\Release\Cylinder.obj
M:\OpenGlCse386\OpenGlCse386\OpenGlCse386\Release\ElevateController.obj
M:\OpenGlCse386\OpenGlCse386\OpenGlCse386\Release\Floor.obj
M:\OpenGlCse386\OpenGlCse386\OpenGlCse386\Release\Floor2.obj
M:\OpenGlCse386\OpenGlCse386\OpenGlCse386\Release\glutBase.obj
M:\OpenGlCse386\OpenGlCse386\OpenGlCse386\Release\Material.obj
M:\OpenGlCse386\OpenGlCse386\OpenGlCse386\Release\OpenGLApplicationBase.obj
M:\OpenGlCse386\OpenGlCse386\OpenGlCse386\Release\OrbitController.obj
M:\OpenGlCse386\OpenGlCse386\OpenGlCse386\Release\Pyramid.obj
M:\OpenGlCse386\OpenGlCse386\OpenGlCse386\Release\SharedProjectionAndViewing.obj
M:\OpenGlCse386\OpenGlCse386\OpenGlCse386\Release\Sphere.obj
M:\OpenGlCse386\OpenGlCse386\OpenGlCse386\Release\SpinnerController.obj
M:\OpenGlCse386\OpenGlCse386\OpenGlCse386\Release\textureCoordinates.obj
M:\OpenGlCse386\OpenGlCse386\OpenGlCse386\Release\VisualObject.obj
M:\OpenGlCse386\OpenGlCse386\OpenGlCse386\Release\WaypointController.obj
M:\OpenGlCse386\OpenGlCse386\OpenGlCse386\Release\cl.command.1.tlog
M:\OpenGlCse386\OpenGlCse386\OpenGlCse386\Release\CL.read.1.tlog
M:\OpenGlCse386\OpenGlCse386\OpenGlCse386\Release\CL.write.1.tlog
M:\OpenGlCse386\OpenGlCse386\OpenGlCse386\Release\Lib-link.read.1.tlog
M:\OpenGlCse386\OpenGlCse386\OpenGlCse386\Release\Lib-link.write.1.tlog
M:\OpenGlCse386\OpenGlCse386\OpenGlCse386\Release\lib.command.1.tlog
M:\OpenGlCse386\OpenGlCse386\OpenGlCse386\Release\Lib.read.1.tlog
M:\OpenGlCse386\OpenGlCse386\OpenGlCse386\Release\vc110.pdb
M:\OpenGlCse386\OpenGlCse386\Release\OpenGlCse386.lib
