M:\OPENGLCSE386\OPENGLCSE386\FERGUSM5LAB8\DEBUG\FERGUSM5LAB8.OBJ
M:\OPENGLCSE386\OPENGLCSE386\FERGUSM5LAB8\DEBUG\VC110.PDB
M:\OPENGLCSE386\OPENGLCSE386\DEBUG\FERGUSM5LAB8.ILK
M:\OPENGLCSE386\OPENGLCSE386\DEBUG\FERGUSM5LAB8.EXE
M:\OPENGLCSE386\OPENGLCSE386\DEBUG\FERGUSM5LAB8.PDB
M:\OpenGlCse386\OpenGlCse386\fergusm5Lab8\Debug\cl.command.1.tlog
M:\OpenGlCse386\OpenGlCse386\fergusm5Lab8\Debug\CL.read.1.tlog
M:\OpenGlCse386\OpenGlCse386\fergusm5Lab8\Debug\CL.write.1.tlog
M:\OpenGlCse386\OpenGlCse386\fergusm5Lab8\Debug\link-cvtres.read.1.tlog
M:\OpenGlCse386\OpenGlCse386\fergusm5Lab8\Debug\link-cvtres.write.1.tlog
M:\OpenGlCse386\OpenGlCse386\fergusm5Lab8\Debug\link-rc.read.1.tlog
M:\OpenGlCse386\OpenGlCse386\fergusm5Lab8\Debug\link-rc.write.1.tlog
M:\OpenGlCse386\OpenGlCse386\fergusm5Lab8\Debug\link.5340-cvtres.read.1.tlog
M:\OpenGlCse386\OpenGlCse386\fergusm5Lab8\Debug\link.5340-cvtres.write.1.tlog
M:\OpenGlCse386\OpenGlCse386\fergusm5Lab8\Debug\link.5340-rc.read.1.tlog
M:\OpenGlCse386\OpenGlCse386\fergusm5Lab8\Debug\link.5340-rc.write.1.tlog
M:\OpenGlCse386\OpenGlCse386\fergusm5Lab8\Debug\link.5340.read.1.tlog
M:\OpenGlCse386\OpenGlCse386\fergusm5Lab8\Debug\link.5340.write.1.tlog
M:\OpenGlCse386\OpenGlCse386\fergusm5Lab8\Debug\link.8620-cvtres.read.1.tlog
M:\OpenGlCse386\OpenGlCse386\fergusm5Lab8\Debug\link.8620-cvtres.write.1.tlog
M:\OpenGlCse386\OpenGlCse386\fergusm5Lab8\Debug\link.8620-rc.read.1.tlog
M:\OpenGlCse386\OpenGlCse386\fergusm5Lab8\Debug\link.8620-rc.write.1.tlog
M:\OpenGlCse386\OpenGlCse386\fergusm5Lab8\Debug\link.8620.read.1.tlog
M:\OpenGlCse386\OpenGlCse386\fergusm5Lab8\Debug\link.8620.write.1.tlog
M:\OpenGlCse386\OpenGlCse386\fergusm5Lab8\Debug\link.8684-cvtres.read.1.tlog
M:\OpenGlCse386\OpenGlCse386\fergusm5Lab8\Debug\link.8684-cvtres.write.1.tlog
M:\OpenGlCse386\OpenGlCse386\fergusm5Lab8\Debug\link.8684-rc.read.1.tlog
M:\OpenGlCse386\OpenGlCse386\fergusm5Lab8\Debug\link.8684-rc.write.1.tlog
M:\OpenGlCse386\OpenGlCse386\fergusm5Lab8\Debug\link.8684.read.1.tlog
M:\OpenGlCse386\OpenGlCse386\fergusm5Lab8\Debug\link.8684.write.1.tlog
M:\OpenGlCse386\OpenGlCse386\fergusm5Lab8\Debug\link.9756-cvtres.read.1.tlog
M:\OpenGlCse386\OpenGlCse386\fergusm5Lab8\Debug\link.9756-cvtres.write.1.tlog
M:\OpenGlCse386\OpenGlCse386\fergusm5Lab8\Debug\link.9756-rc.read.1.tlog
M:\OpenGlCse386\OpenGlCse386\fergusm5Lab8\Debug\link.9756-rc.write.1.tlog
M:\OpenGlCse386\OpenGlCse386\fergusm5Lab8\Debug\link.9756.read.1.tlog
M:\OpenGlCse386\OpenGlCse386\fergusm5Lab8\Debug\link.9756.write.1.tlog
M:\OpenGlCse386\OpenGlCse386\fergusm5Lab8\Debug\link.command.1.tlog
M:\OpenGlCse386\OpenGlCse386\fergusm5Lab8\Debug\link.read.1.tlog
M:\OpenGlCse386\OpenGlCse386\fergusm5Lab8\Debug\link.write.1.tlog
M:\OpenGlCse386\OpenGlCse386\fergusm5Lab8\Debug\vc110.idb
M:\OpenGlCse386\OpenGlCse386\fergusm5Lab8\Debug\vc110.pdb
M:\OpenGlCse386\OpenGlCse386\Debug\fergusm5Lab8.pdb
M:\OpenGlCse386\OpenGlCse386\Debug\fergusm5Lab8.exe
M:\OpenGlCse386\OpenGlCse386\Debug\fergusm5Lab8.ilk
