M:\GAYFERGPROJECT2\OPENGLCSE386\CSE386PROJECT2\DEBUG\CSE386PROJECT2.OBJ
M:\GAYFERGPROJECT2\OPENGLCSE386\CSE386PROJECT2\DEBUG\VC110.PDB
M:\GAYFERGPROJECT2\OPENGLCSE386\DEBUG\CSE386PROJECT2.ILK
M:\GAYFERGPROJECT2\OPENGLCSE386\DEBUG\CSE386PROJECT2.EXE
M:\GAYFERGPROJECT2\OPENGLCSE386\DEBUG\CSE386PROJECT2.PDB
M:\GayFergProject2\OpenGlCse386\CSE386Project2\Debug\CSE386Project2.obj
M:\GayFergProject2\OpenGlCse386\CSE386Project2\Debug\fergusm5Lab10.obj
M:\GayFergProject2\OpenGlCse386\CSE386Project2\Debug\fergusm5Lab9.obj
M:\GayFergProject2\OpenGlCse386\CSE386Project2\Debug\cl.command.1.tlog
M:\GayFergProject2\OpenGlCse386\CSE386Project2\Debug\CL.read.1.tlog
M:\GayFergProject2\OpenGlCse386\CSE386Project2\Debug\CL.write.1.tlog
M:\GayFergProject2\OpenGlCse386\CSE386Project2\Debug\link-cvtres.read.1.tlog
M:\GayFergProject2\OpenGlCse386\CSE386Project2\Debug\link-cvtres.write.1.tlog
M:\GayFergProject2\OpenGlCse386\CSE386Project2\Debug\link-rc.read.1.tlog
M:\GayFergProject2\OpenGlCse386\CSE386Project2\Debug\link-rc.write.1.tlog
M:\GayFergProject2\OpenGlCse386\CSE386Project2\Debug\link.1924-cvtres.read.1.tlog
M:\GayFergProject2\OpenGlCse386\CSE386Project2\Debug\link.1924-cvtres.write.1.tlog
M:\GayFergProject2\OpenGlCse386\CSE386Project2\Debug\link.1924-rc.read.1.tlog
M:\GayFergProject2\OpenGlCse386\CSE386Project2\Debug\link.1924-rc.write.1.tlog
M:\GayFergProject2\OpenGlCse386\CSE386Project2\Debug\link.1924.read.1.tlog
M:\GayFergProject2\OpenGlCse386\CSE386Project2\Debug\link.1924.write.1.tlog
M:\GayFergProject2\OpenGlCse386\CSE386Project2\Debug\link.2736-cvtres.read.1.tlog
M:\GayFergProject2\OpenGlCse386\CSE386Project2\Debug\link.2736-cvtres.write.1.tlog
M:\GayFergProject2\OpenGlCse386\CSE386Project2\Debug\link.2736-rc.read.1.tlog
M:\GayFergProject2\OpenGlCse386\CSE386Project2\Debug\link.2736-rc.write.1.tlog
M:\GayFergProject2\OpenGlCse386\CSE386Project2\Debug\link.2736.read.1.tlog
M:\GayFergProject2\OpenGlCse386\CSE386Project2\Debug\link.2736.write.1.tlog
M:\GayFergProject2\OpenGlCse386\CSE386Project2\Debug\link.2756-cvtres.read.1.tlog
M:\GayFergProject2\OpenGlCse386\CSE386Project2\Debug\link.2756-cvtres.write.1.tlog
M:\GayFergProject2\OpenGlCse386\CSE386Project2\Debug\link.2756-rc.read.1.tlog
M:\GayFergProject2\OpenGlCse386\CSE386Project2\Debug\link.2756-rc.write.1.tlog
M:\GayFergProject2\OpenGlCse386\CSE386Project2\Debug\link.2756.read.1.tlog
M:\GayFergProject2\OpenGlCse386\CSE386Project2\Debug\link.2756.write.1.tlog
M:\GayFergProject2\OpenGlCse386\CSE386Project2\Debug\link.3196-cvtres.read.1.tlog
M:\GayFergProject2\OpenGlCse386\CSE386Project2\Debug\link.3196-cvtres.write.1.tlog
M:\GayFergProject2\OpenGlCse386\CSE386Project2\Debug\link.3196-rc.read.1.tlog
M:\GayFergProject2\OpenGlCse386\CSE386Project2\Debug\link.3196-rc.write.1.tlog
M:\GayFergProject2\OpenGlCse386\CSE386Project2\Debug\link.3196.read.1.tlog
M:\GayFergProject2\OpenGlCse386\CSE386Project2\Debug\link.3196.write.1.tlog
M:\GayFergProject2\OpenGlCse386\CSE386Project2\Debug\link.32-cvtres.read.1.tlog
M:\GayFergProject2\OpenGlCse386\CSE386Project2\Debug\link.32-cvtres.write.1.tlog
M:\GayFergProject2\OpenGlCse386\CSE386Project2\Debug\link.32-rc.read.1.tlog
M:\GayFergProject2\OpenGlCse386\CSE386Project2\Debug\link.32-rc.write.1.tlog
M:\GayFergProject2\OpenGlCse386\CSE386Project2\Debug\link.32.read.1.tlog
M:\GayFergProject2\OpenGlCse386\CSE386Project2\Debug\link.32.write.1.tlog
M:\GayFergProject2\OpenGlCse386\CSE386Project2\Debug\link.3300-cvtres.read.1.tlog
M:\GayFergProject2\OpenGlCse386\CSE386Project2\Debug\link.3300-cvtres.write.1.tlog
M:\GayFergProject2\OpenGlCse386\CSE386Project2\Debug\link.3300-rc.read.1.tlog
M:\GayFergProject2\OpenGlCse386\CSE386Project2\Debug\link.3300-rc.write.1.tlog
M:\GayFergProject2\OpenGlCse386\CSE386Project2\Debug\link.3300.read.1.tlog
M:\GayFergProject2\OpenGlCse386\CSE386Project2\Debug\link.3300.write.1.tlog
M:\GayFergProject2\OpenGlCse386\CSE386Project2\Debug\link.3736-cvtres.read.1.tlog
M:\GayFergProject2\OpenGlCse386\CSE386Project2\Debug\link.3736-cvtres.write.1.tlog
M:\GayFergProject2\OpenGlCse386\CSE386Project2\Debug\link.3736-rc.read.1.tlog
M:\GayFergProject2\OpenGlCse386\CSE386Project2\Debug\link.3736-rc.write.1.tlog
M:\GayFergProject2\OpenGlCse386\CSE386Project2\Debug\link.3736.read.1.tlog
M:\GayFergProject2\OpenGlCse386\CSE386Project2\Debug\link.3736.write.1.tlog
M:\GayFergProject2\OpenGlCse386\CSE386Project2\Debug\link.4112-cvtres.read.1.tlog
M:\GayFergProject2\OpenGlCse386\CSE386Project2\Debug\link.4112-cvtres.write.1.tlog
M:\GayFergProject2\OpenGlCse386\CSE386Project2\Debug\link.4112-rc.read.1.tlog
M:\GayFergProject2\OpenGlCse386\CSE386Project2\Debug\link.4112-rc.write.1.tlog
M:\GayFergProject2\OpenGlCse386\CSE386Project2\Debug\link.4112.read.1.tlog
M:\GayFergProject2\OpenGlCse386\CSE386Project2\Debug\link.4112.write.1.tlog
M:\GayFergProject2\OpenGlCse386\CSE386Project2\Debug\link.4452-cvtres.read.1.tlog
M:\GayFergProject2\OpenGlCse386\CSE386Project2\Debug\link.4452-cvtres.write.1.tlog
M:\GayFergProject2\OpenGlCse386\CSE386Project2\Debug\link.4452-rc.read.1.tlog
M:\GayFergProject2\OpenGlCse386\CSE386Project2\Debug\link.4452-rc.write.1.tlog
M:\GayFergProject2\OpenGlCse386\CSE386Project2\Debug\link.4452.read.1.tlog
M:\GayFergProject2\OpenGlCse386\CSE386Project2\Debug\link.4452.write.1.tlog
M:\GayFergProject2\OpenGlCse386\CSE386Project2\Debug\link.4508-cvtres.read.1.tlog
M:\GayFergProject2\OpenGlCse386\CSE386Project2\Debug\link.4508-cvtres.write.1.tlog
M:\GayFergProject2\OpenGlCse386\CSE386Project2\Debug\link.4508-rc.read.1.tlog
M:\GayFergProject2\OpenGlCse386\CSE386Project2\Debug\link.4508-rc.write.1.tlog
M:\GayFergProject2\OpenGlCse386\CSE386Project2\Debug\link.4508.read.1.tlog
M:\GayFergProject2\OpenGlCse386\CSE386Project2\Debug\link.4508.write.1.tlog
M:\GayFergProject2\OpenGlCse386\CSE386Project2\Debug\link.4812-cvtres.read.1.tlog
M:\GayFergProject2\OpenGlCse386\CSE386Project2\Debug\link.4812-cvtres.write.1.tlog
M:\GayFergProject2\OpenGlCse386\CSE386Project2\Debug\link.4812-rc.read.1.tlog
M:\GayFergProject2\OpenGlCse386\CSE386Project2\Debug\link.4812-rc.write.1.tlog
M:\GayFergProject2\OpenGlCse386\CSE386Project2\Debug\link.4812.read.1.tlog
M:\GayFergProject2\OpenGlCse386\CSE386Project2\Debug\link.4812.write.1.tlog
M:\GayFergProject2\OpenGlCse386\CSE386Project2\Debug\link.5156-cvtres.read.1.tlog
M:\GayFergProject2\OpenGlCse386\CSE386Project2\Debug\link.5156-cvtres.write.1.tlog
M:\GayFergProject2\OpenGlCse386\CSE386Project2\Debug\link.5156-rc.read.1.tlog
M:\GayFergProject2\OpenGlCse386\CSE386Project2\Debug\link.5156-rc.write.1.tlog
M:\GayFergProject2\OpenGlCse386\CSE386Project2\Debug\link.5156.read.1.tlog
M:\GayFergProject2\OpenGlCse386\CSE386Project2\Debug\link.5156.write.1.tlog
M:\GayFergProject2\OpenGlCse386\CSE386Project2\Debug\link.5492-cvtres.read.1.tlog
M:\GayFergProject2\OpenGlCse386\CSE386Project2\Debug\link.5492-cvtres.write.1.tlog
M:\GayFergProject2\OpenGlCse386\CSE386Project2\Debug\link.5492-rc.read.1.tlog
M:\GayFergProject2\OpenGlCse386\CSE386Project2\Debug\link.5492-rc.write.1.tlog
M:\GayFergProject2\OpenGlCse386\CSE386Project2\Debug\link.5492.read.1.tlog
M:\GayFergProject2\OpenGlCse386\CSE386Project2\Debug\link.5492.write.1.tlog
M:\GayFergProject2\OpenGlCse386\CSE386Project2\Debug\link.5696-cvtres.read.1.tlog
M:\GayFergProject2\OpenGlCse386\CSE386Project2\Debug\link.5696-cvtres.write.1.tlog
M:\GayFergProject2\OpenGlCse386\CSE386Project2\Debug\link.5696-rc.read.1.tlog
M:\GayFergProject2\OpenGlCse386\CSE386Project2\Debug\link.5696-rc.write.1.tlog
M:\GayFergProject2\OpenGlCse386\CSE386Project2\Debug\link.5696.read.1.tlog
M:\GayFergProject2\OpenGlCse386\CSE386Project2\Debug\link.5696.write.1.tlog
M:\GayFergProject2\OpenGlCse386\CSE386Project2\Debug\link.5908-cvtres.read.1.tlog
M:\GayFergProject2\OpenGlCse386\CSE386Project2\Debug\link.5908-cvtres.write.1.tlog
M:\GayFergProject2\OpenGlCse386\CSE386Project2\Debug\link.5908-rc.read.1.tlog
M:\GayFergProject2\OpenGlCse386\CSE386Project2\Debug\link.5908-rc.write.1.tlog
M:\GayFergProject2\OpenGlCse386\CSE386Project2\Debug\link.5908.read.1.tlog
M:\GayFergProject2\OpenGlCse386\CSE386Project2\Debug\link.5908.write.1.tlog
M:\GayFergProject2\OpenGlCse386\CSE386Project2\Debug\link.5968-cvtres.read.1.tlog
M:\GayFergProject2\OpenGlCse386\CSE386Project2\Debug\link.5968-cvtres.write.1.tlog
M:\GayFergProject2\OpenGlCse386\CSE386Project2\Debug\link.5968-rc.read.1.tlog
M:\GayFergProject2\OpenGlCse386\CSE386Project2\Debug\link.5968-rc.write.1.tlog
M:\GayFergProject2\OpenGlCse386\CSE386Project2\Debug\link.5968.read.1.tlog
M:\GayFergProject2\OpenGlCse386\CSE386Project2\Debug\link.5968.write.1.tlog
M:\GayFergProject2\OpenGlCse386\CSE386Project2\Debug\link.6076-cvtres.read.1.tlog
M:\GayFergProject2\OpenGlCse386\CSE386Project2\Debug\link.6076-cvtres.write.1.tlog
M:\GayFergProject2\OpenGlCse386\CSE386Project2\Debug\link.6076-rc.read.1.tlog
M:\GayFergProject2\OpenGlCse386\CSE386Project2\Debug\link.6076-rc.write.1.tlog
M:\GayFergProject2\OpenGlCse386\CSE386Project2\Debug\link.6076.read.1.tlog
M:\GayFergProject2\OpenGlCse386\CSE386Project2\Debug\link.6076.write.1.tlog
M:\GayFergProject2\OpenGlCse386\CSE386Project2\Debug\link.6112-cvtres.read.1.tlog
M:\GayFergProject2\OpenGlCse386\CSE386Project2\Debug\link.6112-cvtres.write.1.tlog
M:\GayFergProject2\OpenGlCse386\CSE386Project2\Debug\link.6112-rc.read.1.tlog
M:\GayFergProject2\OpenGlCse386\CSE386Project2\Debug\link.6112-rc.write.1.tlog
M:\GayFergProject2\OpenGlCse386\CSE386Project2\Debug\link.6112.read.1.tlog
M:\GayFergProject2\OpenGlCse386\CSE386Project2\Debug\link.6112.write.1.tlog
M:\GayFergProject2\OpenGlCse386\CSE386Project2\Debug\link.6152-cvtres.read.1.tlog
M:\GayFergProject2\OpenGlCse386\CSE386Project2\Debug\link.6152-cvtres.write.1.tlog
M:\GayFergProject2\OpenGlCse386\CSE386Project2\Debug\link.6152-rc.read.1.tlog
M:\GayFergProject2\OpenGlCse386\CSE386Project2\Debug\link.6152-rc.write.1.tlog
M:\GayFergProject2\OpenGlCse386\CSE386Project2\Debug\link.6152.read.1.tlog
M:\GayFergProject2\OpenGlCse386\CSE386Project2\Debug\link.6152.write.1.tlog
M:\GayFergProject2\OpenGlCse386\CSE386Project2\Debug\link.6212-cvtres.read.1.tlog
M:\GayFergProject2\OpenGlCse386\CSE386Project2\Debug\link.6212-cvtres.write.1.tlog
M:\GayFergProject2\OpenGlCse386\CSE386Project2\Debug\link.6212-rc.read.1.tlog
M:\GayFergProject2\OpenGlCse386\CSE386Project2\Debug\link.6212-rc.write.1.tlog
M:\GayFergProject2\OpenGlCse386\CSE386Project2\Debug\link.6212.read.1.tlog
M:\GayFergProject2\OpenGlCse386\CSE386Project2\Debug\link.6212.write.1.tlog
M:\GayFergProject2\OpenGlCse386\CSE386Project2\Debug\link.6316-cvtres.read.1.tlog
M:\GayFergProject2\OpenGlCse386\CSE386Project2\Debug\link.6316-cvtres.write.1.tlog
M:\GayFergProject2\OpenGlCse386\CSE386Project2\Debug\link.6316-rc.read.1.tlog
M:\GayFergProject2\OpenGlCse386\CSE386Project2\Debug\link.6316-rc.write.1.tlog
M:\GayFergProject2\OpenGlCse386\CSE386Project2\Debug\link.6316.read.1.tlog
M:\GayFergProject2\OpenGlCse386\CSE386Project2\Debug\link.6316.write.1.tlog
M:\GayFergProject2\OpenGlCse386\CSE386Project2\Debug\link.6452-cvtres.read.1.tlog
M:\GayFergProject2\OpenGlCse386\CSE386Project2\Debug\link.6452-cvtres.write.1.tlog
M:\GayFergProject2\OpenGlCse386\CSE386Project2\Debug\link.6452-rc.read.1.tlog
M:\GayFergProject2\OpenGlCse386\CSE386Project2\Debug\link.6452-rc.write.1.tlog
M:\GayFergProject2\OpenGlCse386\CSE386Project2\Debug\link.6452.read.1.tlog
M:\GayFergProject2\OpenGlCse386\CSE386Project2\Debug\link.6452.write.1.tlog
M:\GayFergProject2\OpenGlCse386\CSE386Project2\Debug\link.6480-cvtres.read.1.tlog
M:\GayFergProject2\OpenGlCse386\CSE386Project2\Debug\link.6480-cvtres.write.1.tlog
M:\GayFergProject2\OpenGlCse386\CSE386Project2\Debug\link.6480-rc.read.1.tlog
M:\GayFergProject2\OpenGlCse386\CSE386Project2\Debug\link.6480-rc.write.1.tlog
M:\GayFergProject2\OpenGlCse386\CSE386Project2\Debug\link.6480.read.1.tlog
M:\GayFergProject2\OpenGlCse386\CSE386Project2\Debug\link.6480.write.1.tlog
M:\GayFergProject2\OpenGlCse386\CSE386Project2\Debug\link.6552-cvtres.read.1.tlog
M:\GayFergProject2\OpenGlCse386\CSE386Project2\Debug\link.6552-cvtres.write.1.tlog
M:\GayFergProject2\OpenGlCse386\CSE386Project2\Debug\link.6552-rc.read.1.tlog
M:\GayFergProject2\OpenGlCse386\CSE386Project2\Debug\link.6552-rc.write.1.tlog
M:\GayFergProject2\OpenGlCse386\CSE386Project2\Debug\link.6552.read.1.tlog
M:\GayFergProject2\OpenGlCse386\CSE386Project2\Debug\link.6552.write.1.tlog
M:\GayFergProject2\OpenGlCse386\CSE386Project2\Debug\link.6612-cvtres.read.1.tlog
M:\GayFergProject2\OpenGlCse386\CSE386Project2\Debug\link.6612-cvtres.write.1.tlog
M:\GayFergProject2\OpenGlCse386\CSE386Project2\Debug\link.6612-rc.read.1.tlog
M:\GayFergProject2\OpenGlCse386\CSE386Project2\Debug\link.6612-rc.write.1.tlog
M:\GayFergProject2\OpenGlCse386\CSE386Project2\Debug\link.6612.read.1.tlog
M:\GayFergProject2\OpenGlCse386\CSE386Project2\Debug\link.6612.write.1.tlog
M:\GayFergProject2\OpenGlCse386\CSE386Project2\Debug\link.6644-cvtres.read.1.tlog
M:\GayFergProject2\OpenGlCse386\CSE386Project2\Debug\link.6644-cvtres.write.1.tlog
M:\GayFergProject2\OpenGlCse386\CSE386Project2\Debug\link.6644-rc.read.1.tlog
M:\GayFergProject2\OpenGlCse386\CSE386Project2\Debug\link.6644-rc.write.1.tlog
M:\GayFergProject2\OpenGlCse386\CSE386Project2\Debug\link.6644.read.1.tlog
M:\GayFergProject2\OpenGlCse386\CSE386Project2\Debug\link.6644.write.1.tlog
M:\GayFergProject2\OpenGlCse386\CSE386Project2\Debug\link.6844-cvtres.read.1.tlog
M:\GayFergProject2\OpenGlCse386\CSE386Project2\Debug\link.6844-cvtres.write.1.tlog
M:\GayFergProject2\OpenGlCse386\CSE386Project2\Debug\link.6844-rc.read.1.tlog
M:\GayFergProject2\OpenGlCse386\CSE386Project2\Debug\link.6844-rc.write.1.tlog
M:\GayFergProject2\OpenGlCse386\CSE386Project2\Debug\link.6844.read.1.tlog
M:\GayFergProject2\OpenGlCse386\CSE386Project2\Debug\link.6844.write.1.tlog
M:\GayFergProject2\OpenGlCse386\CSE386Project2\Debug\link.7616-cvtres.read.1.tlog
M:\GayFergProject2\OpenGlCse386\CSE386Project2\Debug\link.7616-cvtres.write.1.tlog
M:\GayFergProject2\OpenGlCse386\CSE386Project2\Debug\link.7616-rc.read.1.tlog
M:\GayFergProject2\OpenGlCse386\CSE386Project2\Debug\link.7616-rc.write.1.tlog
M:\GayFergProject2\OpenGlCse386\CSE386Project2\Debug\link.7616.read.1.tlog
M:\GayFergProject2\OpenGlCse386\CSE386Project2\Debug\link.7616.write.1.tlog
M:\GayFergProject2\OpenGlCse386\CSE386Project2\Debug\link.command.1.tlog
M:\GayFergProject2\OpenGlCse386\CSE386Project2\Debug\link.read.1.tlog
M:\GayFergProject2\OpenGlCse386\CSE386Project2\Debug\link.write.1.tlog
M:\GayFergProject2\OpenGlCse386\CSE386Project2\Debug\vc110.idb
M:\GayFergProject2\OpenGlCse386\CSE386Project2\Debug\vc110.pdb
M:\GayFergProject2\OpenGlCse386\Debug\CSE386Project2.pdb
M:\GayFergProject2\OpenGlCse386\Debug\CSE386Project2.exe
M:\GayFergProject2\OpenGlCse386\Debug\CSE386Project2.ilk
